<?xml version="1.0" encoding="UTF-8"?>
<beans xmlns="http://www.springframework.org/schema/beans"
	xmlns:xsi="http://www.w3.org/2001/XMLSchema-instance" xmlns:p="http://www.springframework.org/schema/p"
	xmlns:context="http://www.springframework.org/schema/context" xmlns:tx="http://www.springframework.org/schema/tx"
	xmlns:util="http://www.springframework.org/schema/util"
	xmlns:jee="http://www.springframework.org/schema/jee" xmlns:jdbc="http://www.springframework.org/schema/jdbc"
	xsi:schemaLocation="http://www.springframework.org/schema/beans
			http://www.springframework.org/schema/beans/spring-beans.xsd
			http://www.springframework.org/schema/context
			http://www.springframework.org/schema/context/spring-context.xsd
			http://www.springframework.org/schema/jee
			http://www.springframework.org/schema/jee/spring-jee.xsd
			http://www.springframework.org/schema/tx
        	http://www.springframework.org/schema/tx/spring-tx.xsd
        	http://www.springframework.org/schema/util 
        	 http://www.springframework.org/schema/util/spring-util.xsd
        	http://www.springframework.org/schema/jdbc
        	http://www.springframework.org/schema/jdbc/spring-jdbc.xsd">

	<jdbc:embedded-database id="EmbeddedEurekaTestDS" type="HSQL" />
	
	<util:properties id="EurekaCMSProperties" location="classpath:eureka-cms-properties.xml" />
	
	<context:property-placeholder ignore-unresolvable="true" properties-ref="EurekaCMSProperties"/> 
	
	<bean id="sessionFactory" class="org.springframework.orm.hibernate4.LocalSessionFactoryBean">
		<property name="dataSource" ref="EmbeddedEurekaTestDS" />
		<property name="configLocations">
			<list>
				<value>classpath:eureka-hibernate-cfg.xml</value>
				<value>classpath:eureka-hibernate-test.cfg.xml</value>
			</list>
		</property>
	</bean>
	
	<jdbc:initialize-database data-source="EmbeddedEurekaTestDS" >
		<jdbc:script location="classpath:test-data.sql"/>
	</jdbc:initialize-database>
	
	<!-- Eureka Core -->
	<import resource="classpath:eureka-cms-core-config.xml" />
	
	<import resource="classpath:spring/eureka-cms-adapter-config.xml" />	   					   				   
	
	<bean id="configurationServiceMock" class="com.eureka.cms.rs.adapter.MockConfigurationService" />   					   
</beans>	   					   