<?xml version="1.0" encoding="UTF-8"?>
<beans xmlns="http://www.springframework.org/schema/beans"
	xmlns:xsi="http://www.w3.org/2001/XMLSchema-instance" xmlns:p="http://www.springframework.org/schema/p"
	xmlns:context="http://www.springframework.org/schema/context" xmlns:tx="http://www.springframework.org/schema/tx"
	xmlns:jee="http://www.springframework.org/schema/jee" xmlns:jdbc="http://www.springframework.org/schema/jdbc"
	xmlns:jpa="http://www.springframework.org/schema/data/jpa"
	xmlns:util="http://www.springframework.org/schema/util"
	xmlns:aop="http://www.springframework.org/schema/aop"
	xsi:schemaLocation="http://www.springframework.org/schema/beans
			http://www.springframework.org/schema/beans/spring-beans.xsd
			http://www.springframework.org/schema/context
			http://www.springframework.org/schema/context/spring-context.xsd
			http://www.springframework.org/schema/jee
			http://www.springframework.org/schema/jee/spring-jee.xsd
			http://www.springframework.org/schema/tx
        	http://www.springframework.org/schema/tx/spring-tx.xsd
        	http://www.springframework.org/schema/jdbc
        	http://www.springframework.org/schema/jdbc/spring-jdbc.xsd
        	http://www.springframework.org/schema/data/jpa
     		http://www.springframework.org/schema/data/jpa/spring-jpa.xsd
        	 http://www.springframework.org/schema/util 
        	 http://www.springframework.org/schema/util/spring-util.xsd
        	 http://www.springframework.org/schema/aop http://www.springframework.org/schema/aop/spring-aop-4.1.xsd">

	<jdbc:embedded-database id="EmbeddedEurekaTestDS" type="HSQL" />
	
	<util:properties id="EurekaCMSProperties" location="classpath:eureka-cms-properties.xml" />
	<context:property-placeholder ignore-unresolvable="true"  properties-ref="EurekaCMSProperties"/>
	
	<bean id="sessionFactory" class="org.springframework.orm.hibernate4.LocalSessionFactoryBean">
		<property name="dataSource" ref="EmbeddedEurekaTestDS" />
		<property name="configLocations">
			<list>
				<value>classpath:eureka-hibernate-cfg.xml</value>
				<value>classpath:eureka-hibernate-test.cfg.xml</value>
			</list>
		</property>
	</bean>
	<!----> 

	<jdbc:initialize-database data-source="EmbeddedEurekaTestDS" >
		<jdbc:script location="classpath:test-data.sql"/>
	</jdbc:initialize-database>
	
<!-- 	<jpa:repositories base-package="com.eureka.cms.core.data.repo2"/> -->
	 
	<import resource="classpath:eureka-cms-core-config.xml"/>
	
</beans>